🔥 Force re-bake enabled.
🏔  RUNNING RANGE BAKE (77,80,248,254, S3 Disabled)
Opening DEM...
✅ DEM: 45538×26612, bounds: BoundingBox(left=-22687.5, bottom=161942.5, right=205002.5, top=295002.5)
📍 Explicit range: SX[77..80], SY[248..254]
Filtering TIFs for range...
✅ Found 24 intersecting TIFs.
   Generating regional gradient (1710×2693 px)...
   ✅ Regional gradient: 40.2 MB in 0.6s
Sector Range: SX[77..80], SY[248..254] (28 sectors)
Cooking Sector 77, 248...
   ⏱️  19.4s
Cooking Sector 77, 249...
   ⏱️  17.8s
Cooking Sector 77, 250...
   ⏱️  18.1s
Cooking Sector 77, 251...
   ⏱️  17.8s
Cooking Sector 77, 252...
   ⏱️  16.8s
Cooking Sector 77, 253...
   ⏱️  17.5s
Cooking Sector 77, 254...
   ⏱️  18.1s
Cooking Sector 78, 248...
   ⏱️  16.7s
Cooking Sector 78, 249...
   ⏱️  16.7s
Cooking Sector 78, 250...
   ⏱️  16.9s
Cooking Sector 78, 251...
   ⏱️  17.2s
Cooking Sector 78, 252...
   ⏱️  16.7s
Cooking Sector 78, 253...
   ⏱️  16.8s
Cooking Sector 78, 254...
   ⏱️  17.9s
Cooking Sector 79, 248...
   ⏱️  17.4s
Cooking Sector 79, 249...
   ⏱️  17.1s
Cooking Sector 79, 250...
   ⏱️  17.0s
Cooking Sector 79, 251...
   ⏱️  17.2s
Cooking Sector 79, 252...
   ⏱️  17.1s
Cooking Sector 79, 253...
   ⏱️  16.8s
Cooking Sector 79, 254...
   ⏱️  17.5s
Cooking Sector 80, 248...
   ⏱️  16.4s
Cooking Sector 80, 249...
   ⏱️  19.6s
Cooking Sector 80, 250...
   ⏱️  16.8s
Cooking Sector 80, 251...
   ⏱️  17.0s
Cooking Sector 80, 252...
   ⏱️  16.4s
Cooking Sector 80, 253...
   ⏱️  17.1s
Cooking Sector 80, 254...
   ⏱️  17.4s

📊 Bake Stats: 28 sectors in 485.3s (avg 17.3s/sector)
🔍 Manifest Generator looking in: /Users/cole/dev/Hexagons/frontend/app/tiles_bin
✅ Generated manifest for 28 rectangular sectors.
   Bounds: X[63488, 65946], Y[203571, 208486]
   Saved to: /Users/cole/dev/Hexagons/frontend/app/tile_manifest.json
Done.
